<?xml version="1.0" encoding="UTF-8"?>
<!-- Generated by org.testng.reporters.JUnitReportReporter -->
<testsuite hostname="DESKTOP-OGMOHKA" failures="0" tests="3" name="runner.TestRunner" time="23.895" errors="0" timestamp="2023-09-16T11:30:45 IST" skipped="0">
  <testcase classname="runner.TestRunner" name="runScenario" time="10.852"/>
  <system-out/>
  <testcase classname="runner.TestRunner" name="runScenario" time="6.310"/>
  <system-out/>
  <testcase classname="runner.TestRunner" name="runScenario" time="6.733"/>
  <system-out/>
</testsuite> <!-- runner.TestRunner -->
