<?xml version="1.0" encoding="UTF-8"?>
<!-- Generated by org.testng.reporters.JUnitReportReporter -->
<testsuite hostname="DESKTOP-LLLGMOJ" failures="0" tests="2" name="testscripts.TestOrangeHrmPim" time="46.992" errors="0" timestamp="2023-09-07T08:28:22 IST" skipped="0">
  <testcase classname="testscripts.TestOrangeHrmPim" name="testPimCreation" time="22.866"/>
  <system-out/>
  <testcase classname="testscripts.TestOrangeHrmPim" name="testPimDeletion" time="24.126"/>
  <system-out/>
</testsuite> <!-- testscripts.TestOrangeHrmPim -->
